{"D:\\examples\\mern_tasks\\client\\src\\App.js": {"path":"D:\\examples\\mern_tasks\\client\\src\\App.js","statementMap":{"0":{"start":{"line":11,"column":2},"end":{"line":26,"column":4}}},"fnMap":{"0":{"name":"App","decl":{"start":{"line":10,"column":9},"end":{"line":10,"column":12}},"loc":{"start":{"line":10,"column":15},"end":{"line":27,"column":1}},"line":10}},"branchMap":{},"s":{"0":1},"f":{"0":1},"b":{},"_coverageSchema":"1a1c01bbd47fc00a2c39e90264f33305004495a9","hash":"e10a80a44f769f4123c563ed52786db5a6e2c304"}
,"D:\\examples\\mern_tasks\\client\\src\\index.js": {"path":"D:\\examples\\mern_tasks\\client\\src\\index.js","statementMap":{"0":{"start":{"line":8,"column":18},"end":{"line":8,"column":49}},"1":{"start":{"line":9,"column":13},"end":{"line":9,"column":34}},"2":{"start":{"line":11,"column":0},"end":{"line":17,"column":2}}},"fnMap":{},"branchMap":{},"s":{"0":0,"1":0,"2":0},"f":{},"b":{}}
,"D:\\examples\\mern_tasks\\client\\src\\app\\store.js": {"path":"D:\\examples\\mern_tasks\\client\\src\\app\\store.js","statementMap":{"0":{"start":{"line":5,"column":21},"end":{"line":10,"column":2}}},"fnMap":{},"branchMap":{},"s":{"0":1},"f":{},"b":{},"_coverageSchema":"1a1c01bbd47fc00a2c39e90264f33305004495a9","hash":"51dc1ad35c4459ffdb03812e6dcc4d076e159a9f"}
,"D:\\examples\\mern_tasks\\client\\src\\components\\Dashboard.js": {"path":"D:\\examples\\mern_tasks\\client\\src\\components\\Dashboard.js","statementMap":{"0":{"start":{"line":6,"column":18},"end":{"line":24,"column":1}},"1":{"start":{"line":7,"column":21},"end":{"line":7,"column":34}},"2":{"start":{"line":8,"column":21},"end":{"line":8,"column":53}},"3":{"start":{"line":8,"column":42},"end":{"line":8,"column":52}},"4":{"start":{"line":9,"column":4},"end":{"line":11,"column":25}},"5":{"start":{"line":10,"column":8},"end":{"line":10,"column":38}},"6":{"start":{"line":10,"column":19},"end":{"line":10,"column":38}},"7":{"start":{"line":13,"column":4},"end":{"line":23,"column":5}},"8":{"start":{"line":18,"column":59},"end":{"line":18,"column":80}}},"fnMap":{"0":{"name":"(anonymous_0)","decl":{"start":{"line":6,"column":18},"end":{"line":6,"column":19}},"loc":{"start":{"line":6,"column":24},"end":{"line":24,"column":1}},"line":6},"1":{"name":"(anonymous_1)","decl":{"start":{"line":8,"column":33},"end":{"line":8,"column":34}},"loc":{"start":{"line":8,"column":42},"end":{"line":8,"column":52}},"line":8},"2":{"name":"(anonymous_2)","decl":{"start":{"line":9,"column":14},"end":{"line":9,"column":15}},"loc":{"start":{"line":9,"column":20},"end":{"line":11,"column":5}},"line":9},"3":{"name":"(anonymous_3)","decl":{"start":{"line":18,"column":53},"end":{"line":18,"column":54}},"loc":{"start":{"line":18,"column":59},"end":{"line":18,"column":80}},"line":18}},"branchMap":{"0":{"loc":{"start":{"line":10,"column":8},"end":{"line":10,"column":38}},"type":"if","locations":[{"start":{"line":10,"column":8},"end":{"line":10,"column":38}},{"start":{},"end":{}}],"line":10},"1":{"loc":{"start":{"line":16,"column":29},"end":{"line":16,"column":46}},"type":"binary-expr","locations":[{"start":{"line":16,"column":29},"end":{"line":16,"column":33}},{"start":{"line":16,"column":37},"end":{"line":16,"column":46}}],"line":16}},"s":{"0":1,"1":1,"2":1,"3":2,"4":1,"5":1,"6":1,"7":1,"8":0},"f":{"0":1,"1":2,"2":1,"3":0},"b":{"0":[1,0],"1":[1,0]},"_coverageSchema":"1a1c01bbd47fc00a2c39e90264f33305004495a9","hash":"0d6c30477fdf64bb082965aa82a332e634270091"}
,"D:\\examples\\mern_tasks\\client\\src\\components\\Header.js": {"path":"D:\\examples\\mern_tasks\\client\\src\\components\\Header.js","statementMap":{"0":{"start":{"line":6,"column":15},"end":{"line":40,"column":1}},"1":{"start":{"line":7,"column":21},"end":{"line":7,"column":34}},"2":{"start":{"line":8,"column":21},"end":{"line":8,"column":34}},"3":{"start":{"line":9,"column":21},"end":{"line":9,"column":53}},"4":{"start":{"line":9,"column":42},"end":{"line":9,"column":52}},"5":{"start":{"line":11,"column":21},"end":{"line":15,"column":5}},"6":{"start":{"line":12,"column":8},"end":{"line":12,"column":27}},"7":{"start":{"line":13,"column":8},"end":{"line":13,"column":26}},"8":{"start":{"line":14,"column":8},"end":{"line":14,"column":22}},"9":{"start":{"line":17,"column":4},"end":{"line":39,"column":6}}},"fnMap":{"0":{"name":"(anonymous_0)","decl":{"start":{"line":6,"column":15},"end":{"line":6,"column":16}},"loc":{"start":{"line":6,"column":21},"end":{"line":40,"column":1}},"line":6},"1":{"name":"(anonymous_1)","decl":{"start":{"line":9,"column":33},"end":{"line":9,"column":34}},"loc":{"start":{"line":9,"column":42},"end":{"line":9,"column":52}},"line":9},"2":{"name":"(anonymous_2)","decl":{"start":{"line":11,"column":21},"end":{"line":11,"column":22}},"loc":{"start":{"line":11,"column":27},"end":{"line":15,"column":5}},"line":11}},"branchMap":{"0":{"loc":{"start":{"line":23,"column":13},"end":{"line":36,"column":17}},"type":"cond-expr","locations":[{"start":{"line":24,"column":16},"end":{"line":26,"column":21}},{"start":{"line":28,"column":20},"end":{"line":35,"column":23}}],"line":23}},"s":{"0":1,"1":2,"2":2,"3":2,"4":3,"5":2,"6":0,"7":0,"8":0,"9":2},"f":{"0":2,"1":3,"2":0},"b":{"0":[0,2]},"_coverageSchema":"1a1c01bbd47fc00a2c39e90264f33305004495a9","hash":"8e8d55361f647884bbbf11dda10bb57492e3aeba"}
,"D:\\examples\\mern_tasks\\client\\src\\components\\Login.js": {"path":"D:\\examples\\mern_tasks\\client\\src\\components\\Login.js","statementMap":{"0":{"start":{"line":9,"column":14},"end":{"line":60,"column":1}},"1":{"start":{"line":10,"column":36},"end":{"line":10,"column":73}},"2":{"start":{"line":11,"column":32},"end":{"line":11,"column":40}},"3":{"start":{"line":12,"column":21},"end":{"line":12,"column":34}},"4":{"start":{"line":13,"column":21},"end":{"line":13,"column":34}},"5":{"start":{"line":15,"column":61},"end":{"line":15,"column":93}},"6":{"start":{"line":15,"column":82},"end":{"line":15,"column":92}},"7":{"start":{"line":17,"column":4},"end":{"line":21,"column":64}},"8":{"start":{"line":18,"column":8},"end":{"line":18,"column":42}},"9":{"start":{"line":18,"column":21},"end":{"line":18,"column":42}},"10":{"start":{"line":19,"column":8},"end":{"line":19,"column":45}},"11":{"start":{"line":19,"column":31},"end":{"line":19,"column":45}},"12":{"start":{"line":20,"column":8},"end":{"line":20,"column":26}},"13":{"start":{"line":23,"column":21},"end":{"line":27,"column":5}},"14":{"start":{"line":24,"column":8},"end":{"line":26,"column":11}},"15":{"start":{"line":24,"column":34},"end":{"line":26,"column":9}},"16":{"start":{"line":28,"column":21},"end":{"line":32,"column":5}},"17":{"start":{"line":29,"column":8},"end":{"line":29,"column":27}},"18":{"start":{"line":30,"column":25},"end":{"line":30,"column":44}},"19":{"start":{"line":31,"column":8},"end":{"line":31,"column":34}},"20":{"start":{"line":33,"column":4},"end":{"line":59,"column":5}}},"fnMap":{"0":{"name":"(anonymous_0)","decl":{"start":{"line":9,"column":14},"end":{"line":9,"column":15}},"loc":{"start":{"line":9,"column":20},"end":{"line":60,"column":1}},"line":9},"1":{"name":"(anonymous_1)","decl":{"start":{"line":15,"column":73},"end":{"line":15,"column":74}},"loc":{"start":{"line":15,"column":82},"end":{"line":15,"column":92}},"line":15},"2":{"name":"(anonymous_2)","decl":{"start":{"line":17,"column":14},"end":{"line":17,"column":15}},"loc":{"start":{"line":17,"column":20},"end":{"line":21,"column":5}},"line":17},"3":{"name":"(anonymous_3)","decl":{"start":{"line":23,"column":21},"end":{"line":23,"column":22}},"loc":{"start":{"line":23,"column":26},"end":{"line":27,"column":5}},"line":23},"4":{"name":"(anonymous_4)","decl":{"start":{"line":24,"column":20},"end":{"line":24,"column":21}},"loc":{"start":{"line":24,"column":34},"end":{"line":26,"column":9}},"line":24},"5":{"name":"(anonymous_5)","decl":{"start":{"line":28,"column":21},"end":{"line":28,"column":22}},"loc":{"start":{"line":28,"column":26},"end":{"line":32,"column":5}},"line":28}},"branchMap":{"0":{"loc":{"start":{"line":18,"column":8},"end":{"line":18,"column":42}},"type":"if","locations":[{"start":{"line":18,"column":8},"end":{"line":18,"column":42}},{"start":{},"end":{}}],"line":18},"1":{"loc":{"start":{"line":19,"column":8},"end":{"line":19,"column":45}},"type":"if","locations":[{"start":{"line":19,"column":8},"end":{"line":19,"column":45}},{"start":{},"end":{}}],"line":19},"2":{"loc":{"start":{"line":19,"column":12},"end":{"line":19,"column":29}},"type":"binary-expr","locations":[{"start":{"line":19,"column":12},"end":{"line":19,"column":21}},{"start":{"line":19,"column":25},"end":{"line":19,"column":29}}],"line":19},"3":{"loc":{"start":{"line":34,"column":8},"end":{"line":58,"column":9}},"type":"cond-expr","locations":[{"start":{"line":34,"column":20},"end":{"line":34,"column":31}},{"start":{"line":35,"column":12},"end":{"line":57,"column":15}}],"line":34}},"s":{"0":1,"1":1,"2":1,"3":1,"4":1,"5":1,"6":2,"7":1,"8":1,"9":0,"10":1,"11":0,"12":1,"13":1,"14":0,"15":0,"16":1,"17":0,"18":0,"19":0,"20":1},"f":{"0":1,"1":2,"2":1,"3":0,"4":0,"5":0},"b":{"0":[0,1],"1":[0,1],"2":[1,1],"3":[0,1]},"_coverageSchema":"1a1c01bbd47fc00a2c39e90264f33305004495a9","hash":"738ce6f5a74df36137140a8c1108928a398ef30c"}
,"D:\\examples\\mern_tasks\\client\\src\\components\\Register.js": {"path":"D:\\examples\\mern_tasks\\client\\src\\components\\Register.js","statementMap":{"0":{"start":{"line":9,"column":17},"end":{"line":109,"column":1}},"1":{"start":{"line":11,"column":36},"end":{"line":16,"column":6}},"2":{"start":{"line":17,"column":49},"end":{"line":17,"column":57}},"3":{"start":{"line":19,"column":21},"end":{"line":19,"column":34}},"4":{"start":{"line":20,"column":21},"end":{"line":20,"column":34}},"5":{"start":{"line":21,"column":61},"end":{"line":21,"column":93}},"6":{"start":{"line":21,"column":82},"end":{"line":21,"column":92}},"7":{"start":{"line":23,"column":4},"end":{"line":27,"column":64}},"8":{"start":{"line":24,"column":8},"end":{"line":24,"column":42}},"9":{"start":{"line":24,"column":21},"end":{"line":24,"column":42}},"10":{"start":{"line":25,"column":8},"end":{"line":25,"column":45}},"11":{"start":{"line":25,"column":31},"end":{"line":25,"column":45}},"12":{"start":{"line":26,"column":8},"end":{"line":26,"column":26}},"13":{"start":{"line":29,"column":21},"end":{"line":33,"column":5}},"14":{"start":{"line":30,"column":8},"end":{"line":32,"column":11}},"15":{"start":{"line":31,"column":12},"end":{"line":31,"column":60}},"16":{"start":{"line":35,"column":21},"end":{"line":43,"column":5}},"17":{"start":{"line":36,"column":8},"end":{"line":36,"column":27}},"18":{"start":{"line":37,"column":8},"end":{"line":42,"column":9}},"19":{"start":{"line":38,"column":12},"end":{"line":38,"column":51}},"20":{"start":{"line":40,"column":29},"end":{"line":40,"column":54}},"21":{"start":{"line":41,"column":12},"end":{"line":41,"column":41}},"22":{"start":{"line":45,"column":4},"end":{"line":108,"column":6}}},"fnMap":{"0":{"name":"(anonymous_0)","decl":{"start":{"line":9,"column":17},"end":{"line":9,"column":18}},"loc":{"start":{"line":9,"column":23},"end":{"line":109,"column":1}},"line":9},"1":{"name":"(anonymous_1)","decl":{"start":{"line":21,"column":73},"end":{"line":21,"column":74}},"loc":{"start":{"line":21,"column":82},"end":{"line":21,"column":92}},"line":21},"2":{"name":"(anonymous_2)","decl":{"start":{"line":23,"column":14},"end":{"line":23,"column":15}},"loc":{"start":{"line":23,"column":20},"end":{"line":27,"column":5}},"line":23},"3":{"name":"(anonymous_3)","decl":{"start":{"line":29,"column":21},"end":{"line":29,"column":22}},"loc":{"start":{"line":29,"column":28},"end":{"line":33,"column":5}},"line":29},"4":{"name":"(anonymous_4)","decl":{"start":{"line":30,"column":20},"end":{"line":30,"column":21}},"loc":{"start":{"line":31,"column":12},"end":{"line":31,"column":60}},"line":31},"5":{"name":"(anonymous_5)","decl":{"start":{"line":35,"column":21},"end":{"line":35,"column":22}},"loc":{"start":{"line":35,"column":26},"end":{"line":43,"column":5}},"line":35}},"branchMap":{"0":{"loc":{"start":{"line":24,"column":8},"end":{"line":24,"column":42}},"type":"if","locations":[{"start":{"line":24,"column":8},"end":{"line":24,"column":42}},{"start":{},"end":{}}],"line":24},"1":{"loc":{"start":{"line":25,"column":8},"end":{"line":25,"column":45}},"type":"if","locations":[{"start":{"line":25,"column":8},"end":{"line":25,"column":45}},{"start":{},"end":{}}],"line":25},"2":{"loc":{"start":{"line":25,"column":12},"end":{"line":25,"column":29}},"type":"binary-expr","locations":[{"start":{"line":25,"column":12},"end":{"line":25,"column":21}},{"start":{"line":25,"column":25},"end":{"line":25,"column":29}}],"line":25},"3":{"loc":{"start":{"line":37,"column":8},"end":{"line":42,"column":9}},"type":"if","locations":[{"start":{"line":37,"column":8},"end":{"line":42,"column":9}},{"start":{"line":39,"column":15},"end":{"line":42,"column":9}}],"line":37},"4":{"loc":{"start":{"line":46,"column":8},"end":{"line":107,"column":12}},"type":"cond-expr","locations":[{"start":{"line":46,"column":20},"end":{"line":46,"column":31}},{"start":{"line":47,"column":8},"end":{"line":107,"column":11}}],"line":46}},"s":{"0":1,"1":0,"2":0,"3":0,"4":0,"5":0,"6":0,"7":0,"8":0,"9":0,"10":0,"11":0,"12":0,"13":0,"14":0,"15":0,"16":0,"17":0,"18":0,"19":0,"20":0,"21":0,"22":0},"f":{"0":0,"1":0,"2":0,"3":0,"4":0,"5":0},"b":{"0":[0,0],"1":[0,0],"2":[0,0],"3":[0,0],"4":[0,0]},"_coverageSchema":"1a1c01bbd47fc00a2c39e90264f33305004495a9","hash":"71af67897c37a4e31de8668e0f8eab8fb54e3466"}
,"D:\\examples\\mern_tasks\\client\\src\\components\\Spinner.js": {"path":"D:\\examples\\mern_tasks\\client\\src\\components\\Spinner.js","statementMap":{"0":{"start":{"line":1,"column":16},"end":{"line":7,"column":1}},"1":{"start":{"line":2,"column":4},"end":{"line":6,"column":5}}},"fnMap":{"0":{"name":"(anonymous_0)","decl":{"start":{"line":1,"column":16},"end":{"line":1,"column":17}},"loc":{"start":{"line":1,"column":22},"end":{"line":7,"column":1}},"line":1}},"branchMap":{},"s":{"0":2,"1":1},"f":{"0":1},"b":{},"_coverageSchema":"1a1c01bbd47fc00a2c39e90264f33305004495a9","hash":"4309142f0d2c170f3df4892eda374c0640790231"}
,"D:\\examples\\mern_tasks\\client\\src\\components\\TaskForm.js": {"path":"D:\\examples\\mern_tasks\\client\\src\\components\\TaskForm.js","statementMap":{"0":{"start":{"line":6,"column":17},"end":{"line":30,"column":1}},"1":{"start":{"line":7,"column":28},"end":{"line":7,"column":40}},"2":{"start":{"line":8,"column":21},"end":{"line":8,"column":34}},"3":{"start":{"line":9,"column":21},"end":{"line":9,"column":34}},"4":{"start":{"line":11,"column":21},"end":{"line":16,"column":5}},"5":{"start":{"line":12,"column":8},"end":{"line":12,"column":27}},"6":{"start":{"line":13,"column":8},"end":{"line":13,"column":39}},"7":{"start":{"line":14,"column":8},"end":{"line":14,"column":20}},"8":{"start":{"line":15,"column":8},"end":{"line":15,"column":30}},"9":{"start":{"line":17,"column":4},"end":{"line":29,"column":6}},"10":{"start":{"line":22,"column":77},"end":{"line":22,"column":100}}},"fnMap":{"0":{"name":"(anonymous_0)","decl":{"start":{"line":6,"column":17},"end":{"line":6,"column":18}},"loc":{"start":{"line":6,"column":23},"end":{"line":30,"column":1}},"line":6},"1":{"name":"(anonymous_1)","decl":{"start":{"line":11,"column":21},"end":{"line":11,"column":22}},"loc":{"start":{"line":11,"column":28},"end":{"line":16,"column":5}},"line":11},"2":{"name":"(anonymous_2)","decl":{"start":{"line":22,"column":72},"end":{"line":22,"column":73}},"loc":{"start":{"line":22,"column":77},"end":{"line":22,"column":100}},"line":22}},"branchMap":{},"s":{"0":1,"1":1,"2":1,"3":1,"4":1,"5":0,"6":0,"7":0,"8":0,"9":1,"10":0},"f":{"0":1,"1":0,"2":0},"b":{},"_coverageSchema":"1a1c01bbd47fc00a2c39e90264f33305004495a9","hash":"2c8ea809a08fd65d878c854993ba3f812e854204"}
,"D:\\examples\\mern_tasks\\client\\src\\components\\TaskItem.js": {"path":"D:\\examples\\mern_tasks\\client\\src\\components\\TaskItem.js","statementMap":{"0":{"start":{"line":5,"column":17},"end":{"line":17,"column":1}},"1":{"start":{"line":6,"column":21},"end":{"line":6,"column":34}},"2":{"start":{"line":8,"column":4},"end":{"line":16,"column":6}},"3":{"start":{"line":12,"column":35},"end":{"line":12,"column":65}}},"fnMap":{"0":{"name":"(anonymous_0)","decl":{"start":{"line":5,"column":17},"end":{"line":5,"column":18}},"loc":{"start":{"line":5,"column":31},"end":{"line":17,"column":1}},"line":5},"1":{"name":"(anonymous_1)","decl":{"start":{"line":12,"column":29},"end":{"line":12,"column":30}},"loc":{"start":{"line":12,"column":35},"end":{"line":12,"column":65}},"line":12}},"branchMap":{},"s":{"0":2,"1":1,"2":1,"3":0},"f":{"0":1,"1":0},"b":{},"_coverageSchema":"1a1c01bbd47fc00a2c39e90264f33305004495a9","hash":"74a4280cac5eeefd98a0d472a2c1037ad7ecd2f6"}
,"D:\\examples\\mern_tasks\\client\\src\\components\\TaskList.js": {"path":"D:\\examples\\mern_tasks\\client\\src\\components\\TaskList.js","statementMap":{"0":{"start":{"line":8,"column":17},"end":{"line":29,"column":1}},"1":{"start":{"line":9,"column":21},"end":{"line":9,"column":34}},"2":{"start":{"line":10,"column":21},"end":{"line":10,"column":34}},"3":{"start":{"line":11,"column":51},"end":{"line":11,"column":84}},"4":{"start":{"line":11,"column":72},"end":{"line":11,"column":83}},"5":{"start":{"line":13,"column":4},"end":{"line":17,"column":46}},"6":{"start":{"line":14,"column":8},"end":{"line":14,"column":41}},"7":{"start":{"line":14,"column":21},"end":{"line":14,"column":41}},"8":{"start":{"line":15,"column":8},"end":{"line":15,"column":28}},"9":{"start":{"line":16,"column":8},"end":{"line":16,"column":38}},"10":{"start":{"line":16,"column":21},"end":{"line":16,"column":38}},"11":{"start":{"line":18,"column":4},"end":{"line":28,"column":6}},"12":{"start":{"line":23,"column":43},"end":{"line":23,"column":82}}},"fnMap":{"0":{"name":"(anonymous_0)","decl":{"start":{"line":8,"column":17},"end":{"line":8,"column":18}},"loc":{"start":{"line":8,"column":23},"end":{"line":29,"column":1}},"line":8},"1":{"name":"(anonymous_1)","decl":{"start":{"line":11,"column":63},"end":{"line":11,"column":64}},"loc":{"start":{"line":11,"column":72},"end":{"line":11,"column":83}},"line":11},"2":{"name":"(anonymous_2)","decl":{"start":{"line":13,"column":14},"end":{"line":13,"column":15}},"loc":{"start":{"line":13,"column":20},"end":{"line":17,"column":5}},"line":13},"3":{"name":"(anonymous_3)","decl":{"start":{"line":16,"column":15},"end":{"line":16,"column":16}},"loc":{"start":{"line":16,"column":21},"end":{"line":16,"column":38}},"line":16},"4":{"name":"(anonymous_4)","decl":{"start":{"line":23,"column":35},"end":{"line":23,"column":36}},"loc":{"start":{"line":23,"column":43},"end":{"line":23,"column":82}},"line":23}},"branchMap":{"0":{"loc":{"start":{"line":14,"column":8},"end":{"line":14,"column":41}},"type":"if","locations":[{"start":{"line":14,"column":8},"end":{"line":14,"column":41}},{"start":{},"end":{}}],"line":14},"1":{"loc":{"start":{"line":19,"column":8},"end":{"line":27,"column":9}},"type":"cond-expr","locations":[{"start":{"line":19,"column":20},"end":{"line":19,"column":31}},{"start":{"line":20,"column":12},"end":{"line":26,"column":22}}],"line":19},"2":{"loc":{"start":{"line":21,"column":17},"end":{"line":25,"column":17}},"type":"binary-expr","locations":[{"start":{"line":21,"column":17},"end":{"line":21,"column":33}},{"start":{"line":22,"column":20},"end":{"line":24,"column":26}}],"line":21}},"s":{"0":1,"1":0,"2":0,"3":0,"4":0,"5":0,"6":0,"7":0,"8":0,"9":0,"10":0,"11":0,"12":0},"f":{"0":0,"1":0,"2":0,"3":0,"4":0},"b":{"0":[0,0],"1":[0,0],"2":[0,0]},"_coverageSchema":"1a1c01bbd47fc00a2c39e90264f33305004495a9","hash":"d1b00ec109dca9f25f423e2cb9d71828b4e9f9d9"}
,"D:\\examples\\mern_tasks\\client\\src\\features\\auth\\authService.js": {"path":"D:\\examples\\mern_tasks\\client\\src\\features\\auth\\authService.js","statementMap":{"0":{"start":{"line":3,"column":16},"end":{"line":3,"column":29}},"1":{"start":{"line":5,"column":17},"end":{"line":12,"column":1}},"2":{"start":{"line":6,"column":21},"end":{"line":6,"column":56}},"3":{"start":{"line":8,"column":4},"end":{"line":10,"column":5}},"4":{"start":{"line":9,"column":8},"end":{"line":9,"column":68}},"5":{"start":{"line":11,"column":4},"end":{"line":11,"column":24}},"6":{"start":{"line":14,"column":14},"end":{"line":21,"column":1}},"7":{"start":{"line":15,"column":21},"end":{"line":15,"column":66}},"8":{"start":{"line":17,"column":4},"end":{"line":19,"column":5}},"9":{"start":{"line":18,"column":8},"end":{"line":18,"column":68}},"10":{"start":{"line":20,"column":4},"end":{"line":20,"column":25}},"11":{"start":{"line":23,"column":15},"end":{"line":23,"column":52}},"12":{"start":{"line":23,"column":21},"end":{"line":23,"column":52}},"13":{"start":{"line":25,"column":20},"end":{"line":25,"column":47}}},"fnMap":{"0":{"name":"(anonymous_0)","decl":{"start":{"line":5,"column":17},"end":{"line":5,"column":18}},"loc":{"start":{"line":5,"column":37},"end":{"line":12,"column":1}},"line":5},"1":{"name":"(anonymous_1)","decl":{"start":{"line":14,"column":14},"end":{"line":14,"column":15}},"loc":{"start":{"line":14,"column":34},"end":{"line":21,"column":1}},"line":14},"2":{"name":"(anonymous_2)","decl":{"start":{"line":23,"column":15},"end":{"line":23,"column":16}},"loc":{"start":{"line":23,"column":21},"end":{"line":23,"column":52}},"line":23}},"branchMap":{"0":{"loc":{"start":{"line":8,"column":4},"end":{"line":10,"column":5}},"type":"if","locations":[{"start":{"line":8,"column":4},"end":{"line":10,"column":5}},{"start":{},"end":{}}],"line":8},"1":{"loc":{"start":{"line":17,"column":4},"end":{"line":19,"column":5}},"type":"if","locations":[{"start":{"line":17,"column":4},"end":{"line":19,"column":5}},{"start":{},"end":{}}],"line":17}},"s":{"0":2,"1":2,"2":0,"3":0,"4":0,"5":0,"6":2,"7":0,"8":0,"9":0,"10":0,"11":2,"12":0,"13":2},"f":{"0":0,"1":0,"2":0},"b":{"0":[0,0],"1":[0,0]},"_coverageSchema":"1a1c01bbd47fc00a2c39e90264f33305004495a9","hash":"875f950f0d5e68859dc8056182ce9a9c361ae0b4"}
,"D:\\examples\\mern_tasks\\client\\src\\features\\auth\\authSlice.js": {"path":"D:\\examples\\mern_tasks\\client\\src\\features\\auth\\authSlice.js","statementMap":{"0":{"start":{"line":4,"column":18},"end":{"line":4,"column":58}},"1":{"start":{"line":6,"column":21},"end":{"line":12,"column":1}},"2":{"start":{"line":14,"column":24},"end":{"line":27,"column":1}},"3":{"start":{"line":17,"column":8},"end":{"line":25,"column":9}},"4":{"start":{"line":18,"column":12},"end":{"line":18,"column":52}},"5":{"start":{"line":20,"column":28},"end":{"line":22,"column":28}},"6":{"start":{"line":24,"column":12},"end":{"line":24,"column":52}},"7":{"start":{"line":29,"column":21},"end":{"line":39,"column":2}},"8":{"start":{"line":30,"column":4},"end":{"line":38,"column":5}},"9":{"start":{"line":31,"column":8},"end":{"line":31,"column":44}},"10":{"start":{"line":33,"column":23},"end":{"line":35,"column":24}},"11":{"start":{"line":37,"column":8},"end":{"line":37,"column":49}},"12":{"start":{"line":41,"column":22},"end":{"line":41,"column":81}},"13":{"start":{"line":41,"column":60},"end":{"line":41,"column":80}},"14":{"start":{"line":43,"column":25},"end":{"line":89,"column":2}},"15":{"start":{"line":48,"column":12},"end":{"line":48,"column":35}},"16":{"start":{"line":49,"column":12},"end":{"line":49,"column":35}},"17":{"start":{"line":50,"column":12},"end":{"line":50,"column":33}},"18":{"start":{"line":51,"column":12},"end":{"line":51,"column":30}},"19":{"start":{"line":56,"column":8},"end":{"line":87,"column":10}},"20":{"start":{"line":58,"column":12},"end":{"line":58,"column":34}},"21":{"start":{"line":61,"column":12},"end":{"line":61,"column":36}},"22":{"start":{"line":62,"column":12},"end":{"line":62,"column":35}},"23":{"start":{"line":63,"column":12},"end":{"line":63,"column":40}},"24":{"start":{"line":66,"column":12},"end":{"line":66,"column":35}},"25":{"start":{"line":67,"column":12},"end":{"line":67,"column":32}},"26":{"start":{"line":68,"column":12},"end":{"line":68,"column":42}},"27":{"start":{"line":69,"column":12},"end":{"line":69,"column":29}},"28":{"start":{"line":72,"column":12},"end":{"line":72,"column":34}},"29":{"start":{"line":75,"column":12},"end":{"line":75,"column":35}},"30":{"start":{"line":76,"column":12},"end":{"line":76,"column":34}},"31":{"start":{"line":77,"column":12},"end":{"line":77,"column":39}},"32":{"start":{"line":80,"column":12},"end":{"line":80,"column":35}},"33":{"start":{"line":81,"column":12},"end":{"line":81,"column":32}},"34":{"start":{"line":82,"column":12},"end":{"line":82,"column":42}},"35":{"start":{"line":83,"column":12},"end":{"line":83,"column":29}},"36":{"start":{"line":86,"column":12},"end":{"line":86,"column":29}},"37":{"start":{"line":90,"column":25},"end":{"line":90,"column":42}}},"fnMap":{"0":{"name":"(anonymous_0)","decl":{"start":{"line":16,"column":4},"end":{"line":16,"column":5}},"loc":{"start":{"line":16,"column":30},"end":{"line":26,"column":5}},"line":16},"1":{"name":"(anonymous_1)","decl":{"start":{"line":29,"column":52},"end":{"line":29,"column":53}},"loc":{"start":{"line":29,"column":78},"end":{"line":39,"column":1}},"line":29},"2":{"name":"(anonymous_2)","decl":{"start":{"line":41,"column":54},"end":{"line":41,"column":55}},"loc":{"start":{"line":41,"column":60},"end":{"line":41,"column":80}},"line":41},"3":{"name":"(anonymous_3)","decl":{"start":{"line":47,"column":15},"end":{"line":47,"column":16}},"loc":{"start":{"line":47,"column":24},"end":{"line":52,"column":9}},"line":47},"4":{"name":"(anonymous_4)","decl":{"start":{"line":55,"column":19},"end":{"line":55,"column":20}},"loc":{"start":{"line":55,"column":30},"end":{"line":88,"column":5}},"line":55},"5":{"name":"(anonymous_5)","decl":{"start":{"line":57,"column":35},"end":{"line":57,"column":36}},"loc":{"start":{"line":57,"column":46},"end":{"line":59,"column":9}},"line":57},"6":{"name":"(anonymous_6)","decl":{"start":{"line":60,"column":37},"end":{"line":60,"column":38}},"loc":{"start":{"line":60,"column":56},"end":{"line":64,"column":9}},"line":60},"7":{"name":"(anonymous_7)","decl":{"start":{"line":65,"column":36},"end":{"line":65,"column":37}},"loc":{"start":{"line":65,"column":55},"end":{"line":70,"column":9}},"line":65},"8":{"name":"(anonymous_8)","decl":{"start":{"line":71,"column":32},"end":{"line":71,"column":33}},"loc":{"start":{"line":71,"column":43},"end":{"line":73,"column":9}},"line":71},"9":{"name":"(anonymous_9)","decl":{"start":{"line":74,"column":34},"end":{"line":74,"column":35}},"loc":{"start":{"line":74,"column":53},"end":{"line":78,"column":9}},"line":74},"10":{"name":"(anonymous_10)","decl":{"start":{"line":79,"column":33},"end":{"line":79,"column":34}},"loc":{"start":{"line":79,"column":52},"end":{"line":84,"column":9}},"line":79},"11":{"name":"(anonymous_11)","decl":{"start":{"line":85,"column":35},"end":{"line":85,"column":36}},"loc":{"start":{"line":85,"column":46},"end":{"line":87,"column":9}},"line":85}},"branchMap":{"0":{"loc":{"start":{"line":7,"column":10},"end":{"line":7,"column":38}},"type":"cond-expr","locations":[{"start":{"line":7,"column":22},"end":{"line":7,"column":31}},{"start":{"line":7,"column":34},"end":{"line":7,"column":38}}],"line":7},"1":{"loc":{"start":{"line":20,"column":28},"end":{"line":22,"column":28}},"type":"binary-expr","locations":[{"start":{"line":20,"column":29},"end":{"line":20,"column":43}},{"start":{"line":20,"column":47},"end":{"line":20,"column":66}},{"start":{"line":20,"column":70},"end":{"line":20,"column":97}},{"start":{"line":21,"column":12},"end":{"line":21,"column":25}},{"start":{"line":22,"column":12},"end":{"line":22,"column":28}}],"line":20},"2":{"loc":{"start":{"line":33,"column":23},"end":{"line":35,"column":24}},"type":"binary-expr","locations":[{"start":{"line":33,"column":24},"end":{"line":33,"column":38}},{"start":{"line":33,"column":42},"end":{"line":33,"column":61}},{"start":{"line":33,"column":65},"end":{"line":33,"column":92}},{"start":{"line":34,"column":8},"end":{"line":34,"column":21}},{"start":{"line":35,"column":8},"end":{"line":35,"column":24}}],"line":33}},"s":{"0":2,"1":2,"2":2,"3":0,"4":0,"5":0,"6":0,"7":2,"8":0,"9":0,"10":0,"11":0,"12":2,"13":0,"14":2,"15":1,"16":1,"17":1,"18":1,"19":2,"20":0,"21":0,"22":0,"23":0,"24":0,"25":0,"26":0,"27":0,"28":0,"29":0,"30":0,"31":0,"32":0,"33":0,"34":0,"35":0,"36":0,"37":2},"f":{"0":0,"1":0,"2":0,"3":1,"4":2,"5":0,"6":0,"7":0,"8":0,"9":0,"10":0,"11":0},"b":{"0":[0,2],"1":[0,0,0,0,0],"2":[0,0,0,0,0]},"_coverageSchema":"1a1c01bbd47fc00a2c39e90264f33305004495a9","hash":"5e560162cd2e03d4cd0a04542bcd6ffe9e467f94"}
,"D:\\examples\\mern_tasks\\client\\src\\features\\tasks\\taskService.js": {"path":"D:\\examples\\mern_tasks\\client\\src\\features\\tasks\\taskService.js","statementMap":{"0":{"start":{"line":3,"column":16},"end":{"line":3,"column":29}},"1":{"start":{"line":5,"column":19},"end":{"line":14,"column":1}},"2":{"start":{"line":6,"column":19},"end":{"line":10,"column":5}},"3":{"start":{"line":11,"column":21},"end":{"line":11,"column":64}},"4":{"start":{"line":13,"column":4},"end":{"line":13,"column":25}},"5":{"start":{"line":16,"column":17},"end":{"line":25,"column":1}},"6":{"start":{"line":17,"column":19},"end":{"line":21,"column":5}},"7":{"start":{"line":22,"column":21},"end":{"line":22,"column":53}},"8":{"start":{"line":24,"column":4},"end":{"line":24,"column":25}},"9":{"start":{"line":27,"column":19},"end":{"line":36,"column":1}},"10":{"start":{"line":28,"column":19},"end":{"line":32,"column":5}},"11":{"start":{"line":33,"column":21},"end":{"line":33,"column":61}},"12":{"start":{"line":35,"column":4},"end":{"line":35,"column":25}},"13":{"start":{"line":38,"column":20},"end":{"line":38,"column":56}}},"fnMap":{"0":{"name":"(anonymous_0)","decl":{"start":{"line":5,"column":19},"end":{"line":5,"column":20}},"loc":{"start":{"line":5,"column":46},"end":{"line":14,"column":1}},"line":5},"1":{"name":"(anonymous_1)","decl":{"start":{"line":16,"column":17},"end":{"line":16,"column":18}},"loc":{"start":{"line":16,"column":32},"end":{"line":25,"column":1}},"line":16},"2":{"name":"(anonymous_2)","decl":{"start":{"line":27,"column":19},"end":{"line":27,"column":20}},"loc":{"start":{"line":27,"column":40},"end":{"line":36,"column":1}},"line":27}},"branchMap":{},"s":{"0":5,"1":5,"2":0,"3":0,"4":0,"5":5,"6":1,"7":1,"8":1,"9":5,"10":0,"11":0,"12":0,"13":5},"f":{"0":0,"1":1,"2":0},"b":{},"_coverageSchema":"1a1c01bbd47fc00a2c39e90264f33305004495a9","hash":"53b01270f96455339a82178fce5506c4f4a7c5a9"}
,"D:\\examples\\mern_tasks\\client\\src\\features\\tasks\\taskSlice.js": {"path":"D:\\examples\\mern_tasks\\client\\src\\features\\tasks\\taskSlice.js","statementMap":{"0":{"start":{"line":4,"column":21},"end":{"line":10,"column":1}},"1":{"start":{"line":12,"column":26},"end":{"line":26,"column":1}},"2":{"start":{"line":15,"column":8},"end":{"line":24,"column":9}},"3":{"start":{"line":16,"column":26},"end":{"line":16,"column":61}},"4":{"start":{"line":18,"column":12},"end":{"line":18,"column":65}},"5":{"start":{"line":20,"column":28},"end":{"line":22,"column":32}},"6":{"start":{"line":23,"column":12},"end":{"line":23,"column":53}},"7":{"start":{"line":28,"column":24},"end":{"line":44,"column":1}},"8":{"start":{"line":31,"column":8},"end":{"line":42,"column":9}},"9":{"start":{"line":32,"column":26},"end":{"line":32,"column":61}},"10":{"start":{"line":34,"column":12},"end":{"line":34,"column":53}},"11":{"start":{"line":37,"column":16},"end":{"line":39,"column":32}},"12":{"start":{"line":41,"column":12},"end":{"line":41,"column":53}},"13":{"start":{"line":46,"column":26},"end":{"line":61,"column":1}},"14":{"start":{"line":49,"column":8},"end":{"line":59,"column":9}},"15":{"start":{"line":50,"column":26},"end":{"line":50,"column":61}},"16":{"start":{"line":52,"column":12},"end":{"line":52,"column":59}},"17":{"start":{"line":54,"column":28},"end":{"line":56,"column":32}},"18":{"start":{"line":58,"column":12},"end":{"line":58,"column":53}},"19":{"start":{"line":63,"column":25},"end":{"line":111,"column":2}},"20":{"start":{"line":67,"column":24},"end":{"line":67,"column":36}},"21":{"start":{"line":70,"column":8},"end":{"line":109,"column":10}},"22":{"start":{"line":72,"column":12},"end":{"line":72,"column":35}},"23":{"start":{"line":75,"column":12},"end":{"line":75,"column":36}},"24":{"start":{"line":76,"column":12},"end":{"line":76,"column":35}},"25":{"start":{"line":77,"column":12},"end":{"line":77,"column":44}},"26":{"start":{"line":80,"column":12},"end":{"line":80,"column":36}},"27":{"start":{"line":81,"column":12},"end":{"line":81,"column":33}},"28":{"start":{"line":82,"column":12},"end":{"line":82,"column":43}},"29":{"start":{"line":85,"column":12},"end":{"line":85,"column":34}},"30":{"start":{"line":88,"column":12},"end":{"line":88,"column":35}},"31":{"start":{"line":89,"column":12},"end":{"line":89,"column":34}},"32":{"start":{"line":90,"column":12},"end":{"line":90,"column":40}},"33":{"start":{"line":93,"column":12},"end":{"line":93,"column":35}},"34":{"start":{"line":94,"column":12},"end":{"line":94,"column":32}},"35":{"start":{"line":95,"column":12},"end":{"line":95,"column":42}},"36":{"start":{"line":98,"column":12},"end":{"line":98,"column":34}},"37":{"start":{"line":101,"column":12},"end":{"line":101,"column":35}},"38":{"start":{"line":102,"column":12},"end":{"line":102,"column":34}},"39":{"start":{"line":103,"column":12},"end":{"line":103,"column":84}},"40":{"start":{"line":103,"column":53},"end":{"line":103,"column":83}},"41":{"start":{"line":106,"column":12},"end":{"line":106,"column":35}},"42":{"start":{"line":107,"column":12},"end":{"line":107,"column":32}},"43":{"start":{"line":108,"column":12},"end":{"line":108,"column":42}},"44":{"start":{"line":113,"column":25},"end":{"line":113,"column":42}}},"fnMap":{"0":{"name":"(anonymous_0)","decl":{"start":{"line":14,"column":4},"end":{"line":14,"column":5}},"loc":{"start":{"line":14,"column":34},"end":{"line":25,"column":5}},"line":14},"1":{"name":"(anonymous_1)","decl":{"start":{"line":30,"column":4},"end":{"line":30,"column":5}},"loc":{"start":{"line":30,"column":27},"end":{"line":43,"column":5}},"line":30},"2":{"name":"(anonymous_2)","decl":{"start":{"line":48,"column":4},"end":{"line":48,"column":5}},"loc":{"start":{"line":48,"column":28},"end":{"line":60,"column":5}},"line":48},"3":{"name":"(anonymous_3)","decl":{"start":{"line":67,"column":15},"end":{"line":67,"column":16}},"loc":{"start":{"line":67,"column":24},"end":{"line":67,"column":36}},"line":67},"4":{"name":"(anonymous_4)","decl":{"start":{"line":69,"column":19},"end":{"line":69,"column":20}},"loc":{"start":{"line":69,"column":32},"end":{"line":110,"column":5}},"line":69},"5":{"name":"(anonymous_5)","decl":{"start":{"line":71,"column":37},"end":{"line":71,"column":38}},"loc":{"start":{"line":71,"column":48},"end":{"line":73,"column":9}},"line":71},"6":{"name":"(anonymous_6)","decl":{"start":{"line":74,"column":39},"end":{"line":74,"column":40}},"loc":{"start":{"line":74,"column":58},"end":{"line":78,"column":9}},"line":74},"7":{"name":"(anonymous_7)","decl":{"start":{"line":79,"column":38},"end":{"line":79,"column":39}},"loc":{"start":{"line":79,"column":57},"end":{"line":83,"column":9}},"line":79},"8":{"name":"(anonymous_8)","decl":{"start":{"line":84,"column":35},"end":{"line":84,"column":36}},"loc":{"start":{"line":84,"column":46},"end":{"line":86,"column":9}},"line":84},"9":{"name":"(anonymous_9)","decl":{"start":{"line":87,"column":37},"end":{"line":87,"column":38}},"loc":{"start":{"line":87,"column":56},"end":{"line":91,"column":9}},"line":87},"10":{"name":"(anonymous_10)","decl":{"start":{"line":92,"column":36},"end":{"line":92,"column":37}},"loc":{"start":{"line":92,"column":55},"end":{"line":96,"column":9}},"line":92},"11":{"name":"(anonymous_11)","decl":{"start":{"line":97,"column":37},"end":{"line":97,"column":38}},"loc":{"start":{"line":97,"column":48},"end":{"line":99,"column":9}},"line":97},"12":{"name":"(anonymous_12)","decl":{"start":{"line":100,"column":39},"end":{"line":100,"column":40}},"loc":{"start":{"line":100,"column":58},"end":{"line":104,"column":9}},"line":100},"13":{"name":"(anonymous_13)","decl":{"start":{"line":103,"column":45},"end":{"line":103,"column":46}},"loc":{"start":{"line":103,"column":53},"end":{"line":103,"column":83}},"line":103},"14":{"name":"(anonymous_14)","decl":{"start":{"line":105,"column":38},"end":{"line":105,"column":39}},"loc":{"start":{"line":105,"column":57},"end":{"line":109,"column":9}},"line":105}},"branchMap":{"0":{"loc":{"start":{"line":20,"column":28},"end":{"line":22,"column":32}},"type":"binary-expr","locations":[{"start":{"line":20,"column":29},"end":{"line":20,"column":43}},{"start":{"line":20,"column":47},"end":{"line":20,"column":66}},{"start":{"line":20,"column":70},"end":{"line":20,"column":97}},{"start":{"line":21,"column":16},"end":{"line":21,"column":29}},{"start":{"line":22,"column":16},"end":{"line":22,"column":32}}],"line":20},"1":{"loc":{"start":{"line":37,"column":16},"end":{"line":39,"column":32}},"type":"binary-expr","locations":[{"start":{"line":37,"column":17},"end":{"line":37,"column":31}},{"start":{"line":37,"column":35},"end":{"line":37,"column":54}},{"start":{"line":37,"column":58},"end":{"line":37,"column":85}},{"start":{"line":38,"column":16},"end":{"line":38,"column":29}},{"start":{"line":39,"column":16},"end":{"line":39,"column":32}}],"line":37},"2":{"loc":{"start":{"line":54,"column":28},"end":{"line":56,"column":32}},"type":"binary-expr","locations":[{"start":{"line":54,"column":29},"end":{"line":54,"column":43}},{"start":{"line":54,"column":47},"end":{"line":54,"column":66}},{"start":{"line":54,"column":70},"end":{"line":54,"column":97}},{"start":{"line":55,"column":16},"end":{"line":55,"column":29}},{"start":{"line":56,"column":16},"end":{"line":56,"column":32}}],"line":54}},"s":{"0":4,"1":4,"2":0,"3":0,"4":0,"5":0,"6":0,"7":4,"8":1,"9":1,"10":1,"11":0,"12":0,"13":4,"14":0,"15":0,"16":0,"17":0,"18":0,"19":4,"20":0,"21":2,"22":0,"23":0,"24":0,"25":0,"26":0,"27":0,"28":0,"29":0,"30":0,"31":0,"32":0,"33":0,"34":0,"35":0,"36":0,"37":0,"38":0,"39":0,"40":0,"41":0,"42":0,"43":0,"44":4},"f":{"0":0,"1":1,"2":0,"3":0,"4":2,"5":0,"6":0,"7":0,"8":0,"9":0,"10":0,"11":0,"12":0,"13":0,"14":0},"b":{"0":[0,0,0,0,0],"1":[0,0,0,0,0],"2":[0,0,0,0,0]},"_coverageSchema":"1a1c01bbd47fc00a2c39e90264f33305004495a9","hash":"e6710da6cde64a0e1c3b5c6ae5c993c8be701547"}
}
